CRITICAL - 2024-07-28 22:44:33 --> ErrorException: Cannot declare class App\Controllers\Dashboard, because the name is already in use
[Method: GET, Route: /]
in APPPATH\Controllers\Dashboard.php on line 13.
 1 [internal function]: CodeIgniter\Debug\Exceptions->shutdownHandler()
CRITICAL - 2024-07-28 22:48:20 --> ErrorException: Cannot declare class App\Controllers\Dashboard, because the name is already in use
[Method: GET, Route: /]
in APPPATH\Controllers\Dashboard.php on line 13.
 1 [internal function]: CodeIgniter\Debug\Exceptions->shutdownHandler()
CRITICAL - 2024-07-28 22:48:22 --> ErrorException: Cannot declare class App\Controllers\Dashboard, because the name is already in use
[Method: GET, Route: /]
in APPPATH\Controllers\Dashboard.php on line 13.
 1 [internal function]: CodeIgniter\Debug\Exceptions->shutdownHandler()
CRITICAL - 2024-07-28 22:48:23 --> ErrorException: Cannot declare class App\Controllers\Dashboard, because the name is already in use
[Method: GET, Route: /]
in APPPATH\Controllers\Dashboard.php on line 13.
 1 [internal function]: CodeIgniter\Debug\Exceptions->shutdownHandler()
CRITICAL - 2024-07-28 22:48:23 --> ErrorException: Cannot declare class App\Controllers\Dashboard, because the name is already in use
[Method: GET, Route: /]
in APPPATH\Controllers\Dashboard.php on line 13.
 1 [internal function]: CodeIgniter\Debug\Exceptions->shutdownHandler()
CRITICAL - 2024-07-28 22:49:33 --> ErrorException: Cannot declare class App\Controllers\Dashboard, because the name is already in use
[Method: GET, Route: /]
in APPPATH\Controllers\Dashboard.php on line 13.
 1 [internal function]: CodeIgniter\Debug\Exceptions->shutdownHandler()
CRITICAL - 2024-07-28 22:50:41 --> ParseError: Unterminated comment starting line 13
[Method: GET, Route: /]
in APPPATH\Controllers\Dashboard.php on line 13.
 1 SYSTEMPATH\Autoloader\Autoloader.php(296): CodeIgniter\Autoloader\Autoloader->includeFile('C:\\xampp\\htdocs\\codeigniter4\\app\\Controllers\\Dashboard.php')
 2 SYSTEMPATH\Autoloader\Autoloader.php(272): CodeIgniter\Autoloader\Autoloader->loadInNamespace('App\\Controllers\\Dashboard')
 3 [internal function]: CodeIgniter\Autoloader\Autoloader->loadClass('App\\Controllers\\Dashboard')
 4 SYSTEMPATH\CodeIgniter.php(887): class_exists('\\App\\Controllers\\Dashboard', true)
 5 SYSTEMPATH\CodeIgniter.php(496): CodeIgniter\CodeIgniter->startController()
 6 SYSTEMPATH\CodeIgniter.php(355): CodeIgniter\CodeIgniter->handleRequest(null, Object(Config\Cache), false)
 7 SYSTEMPATH\Boot.php(325): CodeIgniter\CodeIgniter->run()
 8 SYSTEMPATH\Boot.php(67): CodeIgniter\Boot::runCodeIgniter(Object(CodeIgniter\CodeIgniter))
 9 FCPATH\index.php(56): CodeIgniter\Boot::bootWeb(Object(Config\Paths))
